build/app/intermediates/manifest_merge_blame_file/debug/manifest-merger-blame-debug-report.txt
1<?xml version="1.0" encoding="utf-8"?>
2<manifest xmlns:android="http://schemas.android.com/apk/res/android"
3    package="com.example.bhivesensemobile"
4    android:versionCode="1"
5    android:versionName="1.0.0" >
6
7    <uses-sdk
8        android:minSdkVersion="21"
9        android:targetSdkVersion="31" />
10    <!--
11         The INTERNET permission is required for development. Specifically,
12         the Flutter tool needs it to communicate with the running application
13         to allow setting breakpoints, to provide hot reload, etc.
14    -->
15    <uses-permission android:name="android.permission.INTERNET" />
15-->src\debug\AndroidManifest.xml:7:5-66
15-->src\debug\AndroidManifest.xml:7:22-64
16    <!-- Create a unique permission for your app and use it so only your app can receive your OneSignal messages. -->
17    <permission
17-->[com.onesignal:OneSignal:4.8.5] AndroidManifest.xml:7:5-9:47
18        android:name="com.example.bhivesensemobile.permission.C2D_MESSAGE"
18-->[com.onesignal:OneSignal:4.8.5] AndroidManifest.xml:8:9-63
19        android:protectionLevel="signature" />
19-->[com.onesignal:OneSignal:4.8.5] AndroidManifest.xml:9:9-44
20
21    <uses-permission android:name="com.example.bhivesensemobile.permission.C2D_MESSAGE" /> <!-- OneSignal SDK has runtime checks Android version. -->
21-->[com.onesignal:OneSignal:4.8.5] AndroidManifest.xml:11:5-79
21-->[com.onesignal:OneSignal:4.8.5] AndroidManifest.xml:11:22-76
22    <!-- <uses-sdk tools:overrideLibrary="android.support.customtabs"/> -->
23    <!-- Required runtime permission to display notifications on Android 13 -->
24    <uses-permission android:name="android.permission.POST_NOTIFICATIONS" /> <!-- c2dm RECEIVE are basic requirements for push messages through Google's FCM -->
24-->[com.onesignal:OneSignal:4.8.5] AndroidManifest.xml:16:5-77
24-->[com.onesignal:OneSignal:4.8.5] AndroidManifest.xml:16:22-74
25    <uses-permission android:name="com.google.android.c2dm.permission.RECEIVE" /> <!-- Required, makes sure notifications are delivered on time. -->
25-->[com.onesignal:OneSignal:4.8.5] AndroidManifest.xml:18:5-82
25-->[com.onesignal:OneSignal:4.8.5] AndroidManifest.xml:18:22-79
26    <uses-permission android:name="android.permission.WAKE_LOCK" />
26-->[com.onesignal:OneSignal:4.8.5] AndroidManifest.xml:19:5-68
26-->[com.onesignal:OneSignal:4.8.5] AndroidManifest.xml:19:22-65
27    <!--
28 Required so the device vibrates on receiving a push notification.
29         Vibration settings of the device still apply.
30    -->
31    <uses-permission android:name="android.permission.VIBRATE" />
31-->[com.onesignal:OneSignal:4.8.5] AndroidManifest.xml:24:5-66
31-->[com.onesignal:OneSignal:4.8.5] AndroidManifest.xml:24:22-63
32    <uses-permission android:name="android.permission.ACCESS_NETWORK_STATE" />
32-->[com.onesignal:OneSignal:4.8.5] AndroidManifest.xml:25:5-79
32-->[com.onesignal:OneSignal:4.8.5] AndroidManifest.xml:25:22-76
33    <!--
34 Use to restore notifications the user hasn't interacted with.
35         They could be missed notifications if the user reboots their device if this isn't in place.
36    -->
37    <uses-permission android:name="android.permission.RECEIVE_BOOT_COMPLETED" /> <!-- START: ShortcutBadger -->
37-->[com.onesignal:OneSignal:4.8.5] AndroidManifest.xml:30:5-81
37-->[com.onesignal:OneSignal:4.8.5] AndroidManifest.xml:30:22-78
38    <!-- Samsung -->
39    <uses-permission android:name="com.sec.android.provider.badge.permission.READ" />
39-->[com.onesignal:OneSignal:4.8.5] AndroidManifest.xml:32:5-86
39-->[com.onesignal:OneSignal:4.8.5] AndroidManifest.xml:32:22-83
40    <uses-permission android:name="com.sec.android.provider.badge.permission.WRITE" /> <!-- HTC -->
40-->[com.onesignal:OneSignal:4.8.5] AndroidManifest.xml:33:5-87
40-->[com.onesignal:OneSignal:4.8.5] AndroidManifest.xml:33:22-84
41    <uses-permission android:name="com.htc.launcher.permission.READ_SETTINGS" />
41-->[com.onesignal:OneSignal:4.8.5] AndroidManifest.xml:34:5-81
41-->[com.onesignal:OneSignal:4.8.5] AndroidManifest.xml:34:22-78
42    <uses-permission android:name="com.htc.launcher.permission.UPDATE_SHORTCUT" /> <!-- Sony -->
42-->[com.onesignal:OneSignal:4.8.5] AndroidManifest.xml:35:5-83
42-->[com.onesignal:OneSignal:4.8.5] AndroidManifest.xml:35:22-80
43    <uses-permission android:name="com.sonyericsson.home.permission.BROADCAST_BADGE" />
43-->[com.onesignal:OneSignal:4.8.5] AndroidManifest.xml:36:5-88
43-->[com.onesignal:OneSignal:4.8.5] AndroidManifest.xml:36:22-85
44    <uses-permission android:name="com.sonymobile.home.permission.PROVIDER_INSERT_BADGE" /> <!-- Apex -->
44-->[com.onesignal:OneSignal:4.8.5] AndroidManifest.xml:37:5-92
44-->[com.onesignal:OneSignal:4.8.5] AndroidManifest.xml:37:22-89
45    <uses-permission android:name="com.anddoes.launcher.permission.UPDATE_COUNT" /> <!-- Solid -->
45-->[com.onesignal:OneSignal:4.8.5] AndroidManifest.xml:38:5-84
45-->[com.onesignal:OneSignal:4.8.5] AndroidManifest.xml:38:22-81
46    <uses-permission android:name="com.majeur.launcher.permission.UPDATE_BADGE" /> <!-- Huawei -->
46-->[com.onesignal:OneSignal:4.8.5] AndroidManifest.xml:39:5-83
46-->[com.onesignal:OneSignal:4.8.5] AndroidManifest.xml:39:22-80
47    <uses-permission android:name="com.huawei.android.launcher.permission.CHANGE_BADGE" />
47-->[com.onesignal:OneSignal:4.8.5] AndroidManifest.xml:40:5-91
47-->[com.onesignal:OneSignal:4.8.5] AndroidManifest.xml:40:22-88
48    <uses-permission android:name="com.huawei.android.launcher.permission.READ_SETTINGS" />
48-->[com.onesignal:OneSignal:4.8.5] AndroidManifest.xml:41:5-92
48-->[com.onesignal:OneSignal:4.8.5] AndroidManifest.xml:41:22-89
49    <uses-permission android:name="com.huawei.android.launcher.permission.WRITE_SETTINGS" /> <!-- ZUK -->
49-->[com.onesignal:OneSignal:4.8.5] AndroidManifest.xml:42:5-93
49-->[com.onesignal:OneSignal:4.8.5] AndroidManifest.xml:42:22-90
50    <uses-permission android:name="android.permission.READ_APP_BADGE" /> <!-- OPPO -->
50-->[com.onesignal:OneSignal:4.8.5] AndroidManifest.xml:43:5-73
50-->[com.onesignal:OneSignal:4.8.5] AndroidManifest.xml:43:22-70
51    <uses-permission android:name="com.oppo.launcher.permission.READ_SETTINGS" />
51-->[com.onesignal:OneSignal:4.8.5] AndroidManifest.xml:44:5-82
51-->[com.onesignal:OneSignal:4.8.5] AndroidManifest.xml:44:22-79
52    <uses-permission android:name="com.oppo.launcher.permission.WRITE_SETTINGS" /> <!-- EvMe -->
52-->[com.onesignal:OneSignal:4.8.5] AndroidManifest.xml:45:5-83
52-->[com.onesignal:OneSignal:4.8.5] AndroidManifest.xml:45:22-80
53    <uses-permission android:name="me.everything.badger.permission.BADGE_COUNT_READ" />
53-->[com.onesignal:OneSignal:4.8.5] AndroidManifest.xml:46:5-88
53-->[com.onesignal:OneSignal:4.8.5] AndroidManifest.xml:46:22-85
54    <uses-permission android:name="me.everything.badger.permission.BADGE_COUNT_WRITE" />
54-->[com.onesignal:OneSignal:4.8.5] AndroidManifest.xml:47:5-89
54-->[com.onesignal:OneSignal:4.8.5] AndroidManifest.xml:47:22-86
55
56    <uses-feature
56-->[com.google.android.gms:play-services-maps:18.1.0] AndroidManifest.xml:26:5-28:35
57        android:glEsVersion="0x00020000"
57-->[com.google.android.gms:play-services-maps:18.1.0] AndroidManifest.xml:27:9-41
58        android:required="true" />
58-->[com.google.android.gms:play-services-maps:18.1.0] AndroidManifest.xml:28:9-32
59
60    <queries>
60-->[com.google.android.gms:play-services-maps:18.1.0] AndroidManifest.xml:30:5-34:15
61
62        <!-- Needs to be explicitly declared on Android R+ -->
63        <package android:name="com.google.android.apps.maps" />
63-->[com.google.android.gms:play-services-maps:18.1.0] AndroidManifest.xml:33:9-64
63-->[com.google.android.gms:play-services-maps:18.1.0] AndroidManifest.xml:33:18-61
64    </queries>
65
66    <uses-permission android:name="android.permission.FOREGROUND_SERVICE" />
66-->[androidx.work:work-runtime:2.7.1] AndroidManifest.xml:28:5-77
66-->[androidx.work:work-runtime:2.7.1] AndroidManifest.xml:28:22-74
67
68    <application
69        android:name="android.app.Application"
70        android:appComponentFactory="androidx.core.app.CoreComponentFactory"
70-->[androidx.core:core:1.6.0] AndroidManifest.xml:24:18-86
71        android:debuggable="true"
72        android:icon="@mipmap/ic_launcher"
73        android:label="BHiveSense" >
74        <activity
75            android:name="com.example.bhivesensemobile.MainActivity"
76            android:configChanges="orientation|keyboardHidden|keyboard|screenSize|smallestScreenSize|locale|layoutDirection|fontScale|screenLayout|density|uiMode"
77            android:exported="true"
78            android:hardwareAccelerated="true"
79            android:launchMode="singleTop"
80            android:theme="@style/LaunchTheme"
81            android:windowSoftInputMode="adjustResize" >
82
83            <!--
84                 Specifies an Android theme to apply to this Activity as soon as
85                 the Android process has started. This theme is visible to the user
86                 while the Flutter UI initializes. After that, this theme continues
87                 to determine the Window background behind the Flutter UI.
88            -->
89            <meta-data
90                android:name="io.flutter.embedding.android.NormalTheme"
91                android:resource="@style/NormalTheme" />
92
93            <intent-filter>
94                <action android:name="android.intent.action.MAIN" />
95
96                <category android:name="android.intent.category.LAUNCHER" />
97            </intent-filter>
98        </activity>
99        <!--
100             Don't delete the meta-data below.
101             This is used by the Flutter tool to generate GeneratedPluginRegistrant.java
102        -->
103        <meta-data
104            android:name="flutterEmbedding"
105            android:value="2" />
106        <meta-data
107            android:name="com.google.android.geo.API_KEY"
108            android:value="AIzaSyDEtSP23nUk2R16xRM1w_KKD9MdKQhNCaU" />
109        <meta-data
110            android:name="com.onesignal.messaging.default_notification_icon"
111            android:resource="@mipmap/ic_stat_onesignal_default" />
112        <meta-data
113            android:name="com.onesignal.NotificationAccentColor.DEFAULT"
114            android:value="FFFFFF" />
115        <!--
116        <receiver
117            android:name="com.dexterous.flutterlocalnotifications.ScheduledNotificationBootReceiver">
118            <intent-filter>
119                <action android:name="android.intent.action.BOOT_COMPLETED" />
120                <action android:name="android.intent.action.MY_PACKAGE_REPLACED" />
121            </intent-filter>
122        </receiver>
123        -->
124
125        <receiver
125-->[com.onesignal:OneSignal:4.8.5] AndroidManifest.xml:50:9-61:20
126            android:name="com.onesignal.FCMBroadcastReceiver"
126-->[com.onesignal:OneSignal:4.8.5] AndroidManifest.xml:51:13-62
127            android:exported="true"
127-->[com.onesignal:OneSignal:4.8.5] AndroidManifest.xml:52:13-36
128            android:permission="com.google.android.c2dm.permission.SEND" >
128-->[com.onesignal:OneSignal:4.8.5] AndroidManifest.xml:53:13-73
129
130            <!-- High priority so OneSignal payloads can be filtered from other FCM receivers -->
131            <intent-filter android:priority="999" >
131-->[com.onesignal:OneSignal:4.8.5] AndroidManifest.xml:56:13-60:29
131-->[com.onesignal:OneSignal:4.8.5] AndroidManifest.xml:56:28-50
132                <action android:name="com.google.android.c2dm.intent.RECEIVE" />
132-->[com.onesignal:OneSignal:4.8.5] AndroidManifest.xml:57:17-81
132-->[com.onesignal:OneSignal:4.8.5] AndroidManifest.xml:57:25-78
133
134                <category android:name="com.example.bhivesensemobile" />
134-->[com.onesignal:OneSignal:4.8.5] AndroidManifest.xml:59:17-61
134-->[com.onesignal:OneSignal:4.8.5] AndroidManifest.xml:59:27-58
135            </intent-filter>
136        </receiver>
137
138        <service
138-->[com.onesignal:OneSignal:4.8.5] AndroidManifest.xml:63:9-69:19
139            android:name="com.onesignal.HmsMessageServiceOneSignal"
139-->[com.onesignal:OneSignal:4.8.5] AndroidManifest.xml:64:13-68
140            android:exported="false" >
140-->[com.onesignal:OneSignal:4.8.5] AndroidManifest.xml:65:13-37
141            <intent-filter>
141-->[com.onesignal:OneSignal:4.8.5] AndroidManifest.xml:66:13-68:29
142                <action android:name="com.huawei.push.action.MESSAGING_EVENT" />
142-->[com.onesignal:OneSignal:4.8.5] AndroidManifest.xml:67:17-81
142-->[com.onesignal:OneSignal:4.8.5] AndroidManifest.xml:67:25-78
143            </intent-filter>
144        </service>
145
146        <activity
146-->[com.onesignal:OneSignal:4.8.5] AndroidManifest.xml:71:9-79:20
147            android:name="com.onesignal.NotificationOpenedActivityHMS"
147-->[com.onesignal:OneSignal:4.8.5] AndroidManifest.xml:72:13-71
148            android:exported="true"
148-->[com.onesignal:OneSignal:4.8.5] AndroidManifest.xml:73:13-36
149            android:noHistory="true"
149-->[com.onesignal:OneSignal:4.8.5] AndroidManifest.xml:74:13-37
150            android:theme="@android:style/Theme.Translucent.NoTitleBar" >
150-->[com.onesignal:OneSignal:4.8.5] AndroidManifest.xml:75:13-72
151            <intent-filter>
151-->[com.onesignal:OneSignal:4.8.5] AndroidManifest.xml:76:13-78:29
152                <action android:name="android.intent.action.VIEW" />
152-->[com.onesignal:OneSignal:4.8.5] AndroidManifest.xml:77:17-69
152-->[com.onesignal:OneSignal:4.8.5] AndroidManifest.xml:77:25-66
153            </intent-filter>
154        </activity>
155
156        <service
156-->[com.onesignal:OneSignal:4.8.5] AndroidManifest.xml:81:9-83:40
157            android:name="com.onesignal.FCMIntentService"
157-->[com.onesignal:OneSignal:4.8.5] AndroidManifest.xml:82:13-58
158            android:exported="false" />
158-->[com.onesignal:OneSignal:4.8.5] AndroidManifest.xml:83:13-37
159        <service
159-->[com.onesignal:OneSignal:4.8.5] AndroidManifest.xml:84:9-87:72
160            android:name="com.onesignal.FCMIntentJobService"
160-->[com.onesignal:OneSignal:4.8.5] AndroidManifest.xml:85:13-61
161            android:exported="false"
161-->[com.onesignal:OneSignal:4.8.5] AndroidManifest.xml:86:13-37
162            android:permission="android.permission.BIND_JOB_SERVICE" />
162-->[com.onesignal:OneSignal:4.8.5] AndroidManifest.xml:87:13-69
163        <service
163-->[com.onesignal:OneSignal:4.8.5] AndroidManifest.xml:88:9-91:43
164            android:name="com.onesignal.SyncService"
164-->[com.onesignal:OneSignal:4.8.5] AndroidManifest.xml:89:13-53
165            android:exported="false"
165-->[com.onesignal:OneSignal:4.8.5] AndroidManifest.xml:90:13-37
166            android:stopWithTask="true" />
166-->[com.onesignal:OneSignal:4.8.5] AndroidManifest.xml:91:13-40
167        <service
167-->[com.onesignal:OneSignal:4.8.5] AndroidManifest.xml:92:9-95:72
168            android:name="com.onesignal.SyncJobService"
168-->[com.onesignal:OneSignal:4.8.5] AndroidManifest.xml:93:13-56
169            android:exported="false"
169-->[com.onesignal:OneSignal:4.8.5] AndroidManifest.xml:94:13-37
170            android:permission="android.permission.BIND_JOB_SERVICE" />
170-->[com.onesignal:OneSignal:4.8.5] AndroidManifest.xml:95:13-69
171
172        <activity
172-->[com.onesignal:OneSignal:4.8.5] AndroidManifest.xml:97:9-100:75
173            android:name="com.onesignal.PermissionsActivity"
173-->[com.onesignal:OneSignal:4.8.5] AndroidManifest.xml:98:13-61
174            android:exported="false"
174-->[com.onesignal:OneSignal:4.8.5] AndroidManifest.xml:99:13-37
175            android:theme="@android:style/Theme.Translucent.NoTitleBar" />
175-->[com.onesignal:OneSignal:4.8.5] AndroidManifest.xml:100:13-72
176
177        <receiver
177-->[com.onesignal:OneSignal:4.8.5] AndroidManifest.xml:102:9-104:39
178            android:name="com.onesignal.NotificationDismissReceiver"
178-->[com.onesignal:OneSignal:4.8.5] AndroidManifest.xml:103:13-69
179            android:exported="true" />
179-->[com.onesignal:OneSignal:4.8.5] AndroidManifest.xml:104:13-36
180        <receiver
180-->[com.onesignal:OneSignal:4.8.5] AndroidManifest.xml:105:9-112:20
181            android:name="com.onesignal.BootUpReceiver"
181-->[com.onesignal:OneSignal:4.8.5] AndroidManifest.xml:106:13-56
182            android:exported="true" >
182-->[com.onesignal:OneSignal:4.8.5] AndroidManifest.xml:107:13-36
183            <intent-filter>
183-->[com.onesignal:OneSignal:4.8.5] AndroidManifest.xml:108:13-111:29
184                <action android:name="android.intent.action.BOOT_COMPLETED" />
184-->[com.onesignal:OneSignal:4.8.5] AndroidManifest.xml:109:17-79
184-->[com.onesignal:OneSignal:4.8.5] AndroidManifest.xml:109:25-76
185                <action android:name="android.intent.action.QUICKBOOT_POWERON" />
185-->[com.onesignal:OneSignal:4.8.5] AndroidManifest.xml:110:17-82
185-->[com.onesignal:OneSignal:4.8.5] AndroidManifest.xml:110:25-79
186            </intent-filter>
187        </receiver>
188        <receiver
188-->[com.onesignal:OneSignal:4.8.5] AndroidManifest.xml:113:9-119:20
189            android:name="com.onesignal.UpgradeReceiver"
189-->[com.onesignal:OneSignal:4.8.5] AndroidManifest.xml:114:13-57
190            android:exported="true" >
190-->[com.onesignal:OneSignal:4.8.5] AndroidManifest.xml:115:13-36
191            <intent-filter>
191-->[com.onesignal:OneSignal:4.8.5] AndroidManifest.xml:116:13-118:29
192                <action android:name="android.intent.action.MY_PACKAGE_REPLACED" />
192-->[com.onesignal:OneSignal:4.8.5] AndroidManifest.xml:117:17-84
192-->[com.onesignal:OneSignal:4.8.5] AndroidManifest.xml:117:25-81
193            </intent-filter>
194        </receiver>
195
196        <activity
196-->[com.onesignal:OneSignal:4.8.5] AndroidManifest.xml:121:9-127:75
197            android:name="com.onesignal.NotificationOpenedReceiver"
197-->[com.onesignal:OneSignal:4.8.5] AndroidManifest.xml:122:13-68
198            android:excludeFromRecents="true"
198-->[com.onesignal:OneSignal:4.8.5] AndroidManifest.xml:123:13-46
199            android:exported="true"
199-->[com.onesignal:OneSignal:4.8.5] AndroidManifest.xml:124:13-36
200            android:noHistory="true"
200-->[com.onesignal:OneSignal:4.8.5] AndroidManifest.xml:125:13-37
201            android:taskAffinity=""
201-->[com.onesignal:OneSignal:4.8.5] AndroidManifest.xml:126:13-36
202            android:theme="@android:style/Theme.Translucent.NoTitleBar" />
202-->[com.onesignal:OneSignal:4.8.5] AndroidManifest.xml:127:13-72
203        <activity
203-->[com.onesignal:OneSignal:4.8.5] AndroidManifest.xml:128:9-133:75
204            android:name="com.onesignal.NotificationOpenedReceiverAndroid22AndOlder"
204-->[com.onesignal:OneSignal:4.8.5] AndroidManifest.xml:129:13-85
205            android:excludeFromRecents="true"
205-->[com.onesignal:OneSignal:4.8.5] AndroidManifest.xml:130:13-46
206            android:exported="true"
206-->[com.onesignal:OneSignal:4.8.5] AndroidManifest.xml:131:13-36
207            android:noHistory="true"
207-->[com.onesignal:OneSignal:4.8.5] AndroidManifest.xml:132:13-37
208            android:theme="@android:style/Theme.Translucent.NoTitleBar" />
208-->[com.onesignal:OneSignal:4.8.5] AndroidManifest.xml:133:13-72
209
210        <uses-library
210-->[androidx.window:window:1.0.0-beta04] AndroidManifest.xml:25:9-27:40
211            android:name="androidx.window.extensions"
211-->[androidx.window:window:1.0.0-beta04] AndroidManifest.xml:26:13-54
212            android:required="false" />
212-->[androidx.window:window:1.0.0-beta04] AndroidManifest.xml:27:13-37
213        <uses-library
213-->[androidx.window:window:1.0.0-beta04] AndroidManifest.xml:28:9-30:40
214            android:name="androidx.window.sidecar"
214-->[androidx.window:window:1.0.0-beta04] AndroidManifest.xml:29:13-51
215            android:required="false" /> <!-- Needs to be explicitly declared on P+ -->
215-->[androidx.window:window:1.0.0-beta04] AndroidManifest.xml:30:13-37
216        <uses-library
216-->[com.google.android.gms:play-services-maps:18.1.0] AndroidManifest.xml:39:9-41:40
217            android:name="org.apache.http.legacy"
217-->[com.google.android.gms:play-services-maps:18.1.0] AndroidManifest.xml:40:13-50
218            android:required="false" />
218-->[com.google.android.gms:play-services-maps:18.1.0] AndroidManifest.xml:41:13-37
219
220        <activity
220-->[com.google.android.gms:play-services-base:18.0.1] AndroidManifest.xml:20:9-22:45
221            android:name="com.google.android.gms.common.api.GoogleApiActivity"
221-->[com.google.android.gms:play-services-base:18.0.1] AndroidManifest.xml:20:19-85
222            android:exported="false"
222-->[com.google.android.gms:play-services-base:18.0.1] AndroidManifest.xml:22:19-43
223            android:theme="@android:style/Theme.Translucent.NoTitleBar" />
223-->[com.google.android.gms:play-services-base:18.0.1] AndroidManifest.xml:21:19-78
224
225        <receiver
225-->[com.google.firebase:firebase-messaging:22.0.0] AndroidManifest.xml:28:9-35:20
226            android:name="com.google.firebase.iid.FirebaseInstanceIdReceiver"
226-->[com.google.firebase:firebase-messaging:22.0.0] AndroidManifest.xml:29:13-78
227            android:exported="true"
227-->[com.google.firebase:firebase-messaging:22.0.0] AndroidManifest.xml:30:13-36
228            android:permission="com.google.android.c2dm.permission.SEND" >
228-->[com.google.firebase:firebase-messaging:22.0.0] AndroidManifest.xml:31:13-73
229            <intent-filter>
229-->[com.google.firebase:firebase-messaging:22.0.0] AndroidManifest.xml:32:13-34:29
230                <action android:name="com.google.android.c2dm.intent.RECEIVE" />
230-->[com.onesignal:OneSignal:4.8.5] AndroidManifest.xml:57:17-81
230-->[com.onesignal:OneSignal:4.8.5] AndroidManifest.xml:57:25-78
231            </intent-filter>
232        </receiver>
233        <!--
234             FirebaseMessagingService performs security checks at runtime,
235             but set to not exported to explicitly avoid allowing another app to call it.
236        -->
237        <service
237-->[com.google.firebase:firebase-messaging:22.0.0] AndroidManifest.xml:41:9-48:19
238            android:name="com.google.firebase.messaging.FirebaseMessagingService"
238-->[com.google.firebase:firebase-messaging:22.0.0] AndroidManifest.xml:42:13-82
239            android:directBootAware="true"
239-->[com.google.firebase:firebase-messaging:22.0.0] AndroidManifest.xml:43:13-43
240            android:exported="false" >
240-->[com.google.firebase:firebase-messaging:22.0.0] AndroidManifest.xml:44:13-37
241            <intent-filter android:priority="-500" >
241-->[com.google.firebase:firebase-messaging:22.0.0] AndroidManifest.xml:45:13-47:29
241-->[com.google.firebase:firebase-messaging:22.0.0] AndroidManifest.xml:45:28-51
242                <action android:name="com.google.firebase.MESSAGING_EVENT" />
242-->[com.google.firebase:firebase-messaging:22.0.0] AndroidManifest.xml:46:17-78
242-->[com.google.firebase:firebase-messaging:22.0.0] AndroidManifest.xml:46:25-75
243            </intent-filter>
244        </service>
245        <service
245-->[com.google.firebase:firebase-messaging:22.0.0] AndroidManifest.xml:49:9-55:19
246            android:name="com.google.firebase.components.ComponentDiscoveryService"
246-->[com.google.firebase:firebase-messaging:22.0.0] AndroidManifest.xml:50:13-84
247            android:directBootAware="true"
247-->[com.google.firebase:firebase-common:20.0.0] AndroidManifest.xml:35:13-43
248            android:exported="false" >
248-->[com.google.firebase:firebase-messaging:22.0.0] AndroidManifest.xml:51:13-37
249            <meta-data
249-->[com.google.firebase:firebase-messaging:22.0.0] AndroidManifest.xml:52:13-54:85
250                android:name="com.google.firebase.components:com.google.firebase.messaging.FirebaseMessagingRegistrar"
250-->[com.google.firebase:firebase-messaging:22.0.0] AndroidManifest.xml:53:17-119
251                android:value="com.google.firebase.components.ComponentRegistrar" />
251-->[com.google.firebase:firebase-messaging:22.0.0] AndroidManifest.xml:54:17-82
252            <meta-data
252-->[com.google.firebase:firebase-datatransport:18.0.0] AndroidManifest.xml:28:13-30:85
253                android:name="com.google.firebase.components:com.google.firebase.datatransport.TransportRegistrar"
253-->[com.google.firebase:firebase-datatransport:18.0.0] AndroidManifest.xml:29:17-115
254                android:value="com.google.firebase.components.ComponentRegistrar" />
254-->[com.google.firebase:firebase-datatransport:18.0.0] AndroidManifest.xml:30:17-82
255            <meta-data
255-->[com.google.firebase:firebase-installations:17.0.0] AndroidManifest.xml:18:13-20:85
256                android:name="com.google.firebase.components:com.google.firebase.installations.FirebaseInstallationsRegistrar"
256-->[com.google.firebase:firebase-installations:17.0.0] AndroidManifest.xml:19:17-127
257                android:value="com.google.firebase.components.ComponentRegistrar" />
257-->[com.google.firebase:firebase-installations:17.0.0] AndroidManifest.xml:20:17-82
258        </service>
259
260        <provider
260-->[com.google.firebase:firebase-common:20.0.0] AndroidManifest.xml:26:9-31:39
261            android:name="com.google.firebase.provider.FirebaseInitProvider"
261-->[com.google.firebase:firebase-common:20.0.0] AndroidManifest.xml:27:13-77
262            android:authorities="com.example.bhivesensemobile.firebaseinitprovider"
262-->[com.google.firebase:firebase-common:20.0.0] AndroidManifest.xml:28:13-72
263            android:directBootAware="true"
263-->[com.google.firebase:firebase-common:20.0.0] AndroidManifest.xml:29:13-43
264            android:exported="false"
264-->[com.google.firebase:firebase-common:20.0.0] AndroidManifest.xml:30:13-37
265            android:initOrder="100" />
265-->[com.google.firebase:firebase-common:20.0.0] AndroidManifest.xml:31:13-36
266
267        <meta-data
267-->[com.google.android.gms:play-services-basement:18.0.0] AndroidManifest.xml:21:9-23:69
268            android:name="com.google.android.gms.version"
268-->[com.google.android.gms:play-services-basement:18.0.0] AndroidManifest.xml:22:13-58
269            android:value="@integer/google_play_services_version" />
269-->[com.google.android.gms:play-services-basement:18.0.0] AndroidManifest.xml:23:13-66
270
271        <provider
271-->[androidx.work:work-runtime:2.7.1] AndroidManifest.xml:31:9-39:20
272            android:name="androidx.startup.InitializationProvider"
272-->[androidx.work:work-runtime:2.7.1] AndroidManifest.xml:32:13-67
273            android:authorities="com.example.bhivesensemobile.androidx-startup"
273-->[androidx.work:work-runtime:2.7.1] AndroidManifest.xml:33:13-68
274            android:exported="false" >
274-->[androidx.work:work-runtime:2.7.1] AndroidManifest.xml:34:13-37
275            <meta-data
275-->[androidx.work:work-runtime:2.7.1] AndroidManifest.xml:36:13-38:52
276                android:name="androidx.work.WorkManagerInitializer"
276-->[androidx.work:work-runtime:2.7.1] AndroidManifest.xml:37:17-68
277                android:value="androidx.startup" />
277-->[androidx.work:work-runtime:2.7.1] AndroidManifest.xml:38:17-49
278        </provider>
279
280        <service
280-->[androidx.work:work-runtime:2.7.1] AndroidManifest.xml:41:9-46:35
281            android:name="androidx.work.impl.background.systemalarm.SystemAlarmService"
281-->[androidx.work:work-runtime:2.7.1] AndroidManifest.xml:42:13-88
282            android:directBootAware="false"
282-->[androidx.work:work-runtime:2.7.1] AndroidManifest.xml:43:13-44
283            android:enabled="@bool/enable_system_alarm_service_default"
283-->[androidx.work:work-runtime:2.7.1] AndroidManifest.xml:44:13-72
284            android:exported="false" />
284-->[androidx.work:work-runtime:2.7.1] AndroidManifest.xml:45:13-37
285        <service
285-->[androidx.work:work-runtime:2.7.1] AndroidManifest.xml:47:9-53:35
286            android:name="androidx.work.impl.background.systemjob.SystemJobService"
286-->[androidx.work:work-runtime:2.7.1] AndroidManifest.xml:48:13-84
287            android:directBootAware="false"
287-->[androidx.work:work-runtime:2.7.1] AndroidManifest.xml:49:13-44
288            android:enabled="@bool/enable_system_job_service_default"
288-->[androidx.work:work-runtime:2.7.1] AndroidManifest.xml:50:13-70
289            android:exported="true"
289-->[androidx.work:work-runtime:2.7.1] AndroidManifest.xml:51:13-36
290            android:permission="android.permission.BIND_JOB_SERVICE" />
290-->[androidx.work:work-runtime:2.7.1] AndroidManifest.xml:52:13-69
291        <service
291-->[androidx.work:work-runtime:2.7.1] AndroidManifest.xml:54:9-59:35
292            android:name="androidx.work.impl.foreground.SystemForegroundService"
292-->[androidx.work:work-runtime:2.7.1] AndroidManifest.xml:55:13-81
293            android:directBootAware="false"
293-->[androidx.work:work-runtime:2.7.1] AndroidManifest.xml:56:13-44
294            android:enabled="@bool/enable_system_foreground_service_default"
294-->[androidx.work:work-runtime:2.7.1] AndroidManifest.xml:57:13-77
295            android:exported="false" />
295-->[androidx.work:work-runtime:2.7.1] AndroidManifest.xml:58:13-37
296
297        <receiver
297-->[androidx.work:work-runtime:2.7.1] AndroidManifest.xml:61:9-66:35
298            android:name="androidx.work.impl.utils.ForceStopRunnable$BroadcastReceiver"
298-->[androidx.work:work-runtime:2.7.1] AndroidManifest.xml:62:13-88
299            android:directBootAware="false"
299-->[androidx.work:work-runtime:2.7.1] AndroidManifest.xml:63:13-44
300            android:enabled="true"
300-->[androidx.work:work-runtime:2.7.1] AndroidManifest.xml:64:13-35